\BOOKMARK [1][-]{section.1}{\376\377\000I\000n\000t\000r\000o\000d\000u\000c\000t\000i\000o\000n}{}% 1
\BOOKMARK [2][-]{subsection.1.1}{\376\377\000D\000o\000c\000u\000m\000e\000n\000t\000\040\000s\000t\000r\000u\000c\000t\000u\000r\000e}{section.1}% 2
\BOOKMARK [1][-]{section.2}{\376\377\000A\000D\000Q\0001\0004}{}% 3
\BOOKMARK [2][-]{subsection.2.1}{}{section.2}% 4
\BOOKMARK [1][-]{section.3}{\376\377\000S\000P\000D\000e\000v\000i\000c\000e\000s\000\040\000D\000e\000v\000K\000i\000t}{}% 5
\BOOKMARK [2][-]{subsection.3.1}{\376\377\000T\000h\000e\000\040\000c\000o\000n\000c\000e\000p\000t\000\040\000o\000f\000\040\000U\000s\000e\000r\000\040\000L\000o\000g\000i\000c}{section.3}% 6
\BOOKMARK [2][-]{subsection.3.2}{\376\377\000S\000a\000m\000p\000l\000e\000s\000\040\000i\000n\000\040\000t\000h\000e\000\040\000F\000P\000G\000A}{section.3}% 7
\BOOKMARK [2][-]{subsection.3.3}{\376\377\000D\000a\000t\000a\000\040\000f\000l\000o\000w\000\040\000i\000n\000\040\000U\000s\000e\000r\000\040\000L\000o\000g\000i\000c\000\040\0001}{section.3}% 8
\BOOKMARK [2][-]{subsection.3.4}{\376\377\000D\000a\000t\000a\000\040\000f\000l\000o\000w\000\040\000i\000n\000\040\000U\000s\000e\000r\000\040\000L\000o\000g\000i\000c\000\040\0002}{section.3}% 9
\BOOKMARK [2][-]{subsection.3.5}{\376\377\000D\000a\000t\000a\000\040\000p\000a\000t\000h\000s\000\040\000i\000n\000\040\000t\000h\000e\000\040\000F\000P\000G\000A}{section.3}% 10
\BOOKMARK [3][-]{subsubsection.3.5.1}{\376\377\000D\000M\000A}{subsection.3.5}% 11
\BOOKMARK [3][-]{subsubsection.3.5.2}{\376\377\000U\000s\000e\000r\000\040\000R\000e\000g\000i\000s\000t\000e\000r\000s}{subsection.3.5}% 12
\BOOKMARK [2][-]{subsection.3.6}{\376\377\000B\000y\000p\000a\000s\000s\000i\000n\000g\000\040\000U\000s\000e\000r\000\040\000L\000o\000g\000i\000c}{section.3}% 13
\BOOKMARK [1][-]{section.4}{\376\377\000C\000u\000s\000t\000o\000m\000\040\000F\000i\000r\000m\000w\000a\000r\000e}{}% 14
\BOOKMARK [2][-]{subsection.4.1}{\376\377\000P\000u\000l\000s\000e\000\040\000D\000e\000t\000e\000c\000t\000i\000o\000n\000\040\000a\000n\000d\000\040\000T\000i\000m\000i\000n\000g\000\040\000M\000o\000d\000u\000l\000e}{section.4}% 15
\BOOKMARK [2][-]{subsection.4.2}{\376\377\000P\000u\000l\000s\000e\000\040\000S\000h\000a\000p\000i\000n\000g\000\040\000M\000o\000d\000u\000l\000e}{section.4}% 16
\BOOKMARK [2][-]{subsection.4.3}{\376\377\000P\000u\000l\000s\000e\000\040\000S\000a\000m\000p\000l\000e\000r}{section.4}% 17
\BOOKMARK [2][-]{subsection.4.4}{\376\377\000S\000p\000e\000c\000t\000r\000u\000m\000\040\000S\000t\000o\000r\000a\000g\000e\000\040\000a\000n\000d\000\040\000T\000r\000a\000n\000s\000f\000e\000r}{section.4}% 18
\BOOKMARK [1][-]{section.5}{\376\377\000S\000e\000c\000o\000n\000d\000\040\000s\000e\000c\000t\000i\000o\000n}{}% 19
\BOOKMARK [2][-]{subsection.5.1}{\376\377\000F\000i\000r\000s\000t\000\040\000s\000u\000b\000s\000e\000c\000t\000i\000o\000n}{section.5}% 20
\BOOKMARK [1][-]{appendix.A}{\376\377\000U\000s\000e\000r\000\040\000L\000o\000g\000i\000c\000\040\000D\000a\000t\000a\000\040\000B\000u\000s}{}% 21
\BOOKMARK [2][-]{subsection.A.1}{\376\377\000U\000s\000e\000r\000\040\000L\000o\000g\000i\000c\000\040\0001}{appendix.A}% 22
\BOOKMARK [2][-]{subsection.A.2}{\376\377\000U\000s\000e\000r\000\040\000L\000o\000g\000i\000c\000\040\0002}{appendix.A}% 23
\BOOKMARK [2][-]{subsection.A.3}{\376\377\000U\000s\000e\000r\000\040\000L\000o\000g\000i\000c\000\040\0002\000\040\000R\000e\000g\000i\000s\000t\000e\000r\000s}{appendix.A}% 24
